{"C:\\Users\\zylau\\OneDrive\\Documents\\Etudes\\Outils_techniques\\2_CI_CD\\CI_CD_Project\\src\\app.js": {"path":"C:\\Users\\zylau\\OneDrive\\Documents\\Etudes\\Outils_techniques\\2_CI_CD\\CI_CD_Project\\src\\app.js","statementMap":{"0":{"start":{"line":4,"column":1},"end":{"line":32,"column":2}},"1":{"start":{"line":5,"column":2},"end":{"line":31,"column":4}},"2":{"start":{"line":6,"column":14},"end":{"line":6,"column":42}},"3":{"start":{"line":7,"column":3},"end":{"line":30,"column":4}},"4":{"start":{"line":8,"column":14},"end":{"line":8,"column":43}},"5":{"start":{"line":9,"column":13},"end":{"line":9,"column":41}},"6":{"start":{"line":11,"column":15},"end":{"line":11,"column":43}},"7":{"start":{"line":12,"column":4},"end":{"line":12,"column":26}},"8":{"start":{"line":13,"column":4},"end":{"line":13,"column":24}},"9":{"start":{"line":15,"column":15},"end":{"line":15,"column":42}},"10":{"start":{"line":16,"column":4},"end":{"line":16,"column":31}},"11":{"start":{"line":17,"column":4},"end":{"line":17,"column":24}},"12":{"start":{"line":19,"column":17},"end":{"line":19,"column":44}},"13":{"start":{"line":20,"column":4},"end":{"line":20,"column":35}},"14":{"start":{"line":21,"column":4},"end":{"line":21,"column":26}},"15":{"start":{"line":23,"column":16},"end":{"line":23,"column":48}},"16":{"start":{"line":24,"column":4},"end":{"line":24,"column":18}},"17":{"start":{"line":25,"column":4},"end":{"line":25,"column":31}},"18":{"start":{"line":26,"column":4},"end":{"line":26,"column":32}},"19":{"start":{"line":27,"column":4},"end":{"line":27,"column":25}},"20":{"start":{"line":29,"column":4},"end":{"line":29,"column":51}},"21":{"start":{"line":36,"column":11},"end":{"line":36,"column":39}},"22":{"start":{"line":37,"column":1},"end":{"line":37,"column":48}},"23":{"start":{"line":38,"column":1},"end":{"line":38,"column":16}},"24":{"start":{"line":42,"column":1},"end":{"line":42,"column":30}},"25":{"start":{"line":43,"column":1},"end":{"line":43,"column":53}},"26":{"start":{"line":44,"column":1},"end":{"line":44,"column":16}},"27":{"start":{"line":52,"column":0},"end":{"line":52,"column":15}},"28":{"start":{"line":59,"column":10},"end":{"line":59,"column":44}},"29":{"start":{"line":60,"column":0},"end":{"line":67,"column":1}},"30":{"start":{"line":61,"column":1},"end":{"line":66,"column":3}},"31":{"start":{"line":62,"column":13},"end":{"line":62,"column":44}},"32":{"start":{"line":63,"column":13},"end":{"line":63,"column":44}},"33":{"start":{"line":64,"column":15},"end":{"line":64,"column":48}},"34":{"start":{"line":65,"column":2},"end":{"line":65,"column":50}},"35":{"start":{"line":69,"column":13},"end":{"line":69,"column":55}},"36":{"start":{"line":70,"column":0},"end":{"line":76,"column":1}},"37":{"start":{"line":71,"column":1},"end":{"line":75,"column":2}},"38":{"start":{"line":71,"column":14},"end":{"line":71,"column":15}},"39":{"start":{"line":72,"column":2},"end":{"line":74,"column":4}},"40":{"start":{"line":73,"column":3},"end":{"line":73,"column":30}},"41":{"start":{"line":83,"column":1},"end":{"line":83,"column":13}},"42":{"start":{"line":87,"column":0},"end":{"line":89,"column":1}},"43":{"start":{"line":88,"column":1},"end":{"line":88,"column":21}}},"fnMap":{"0":{"name":"printPatterns","decl":{"start":{"line":3,"column":9},"end":{"line":3,"column":22}},"loc":{"start":{"line":3,"column":26},"end":{"line":33,"column":1}},"line":3},"1":{"name":"(anonymous_1)","decl":{"start":{"line":5,"column":36},"end":{"line":5,"column":37}},"loc":{"start":{"line":5,"column":45},"end":{"line":31,"column":3}},"line":5},"2":{"name":"addPattern","decl":{"start":{"line":35,"column":9},"end":{"line":35,"column":19}},"loc":{"start":{"line":35,"column":41},"end":{"line":39,"column":1}},"line":35},"3":{"name":"delPattern","decl":{"start":{"line":41,"column":9},"end":{"line":41,"column":19}},"loc":{"start":{"line":41,"column":27},"end":{"line":45,"column":1}},"line":41},"4":{"name":"(anonymous_4)","decl":{"start":{"line":61,"column":31},"end":{"line":61,"column":32}},"loc":{"start":{"line":61,"column":40},"end":{"line":66,"column":2}},"line":61},"5":{"name":"(anonymous_5)","decl":{"start":{"line":72,"column":38},"end":{"line":72,"column":39}},"loc":{"start":{"line":72,"column":47},"end":{"line":74,"column":3}},"line":72},"6":{"name":"sum","decl":{"start":{"line":82,"column":9},"end":{"line":82,"column":12}},"loc":{"start":{"line":82,"column":20},"end":{"line":84,"column":1}},"line":82}},"branchMap":{"0":{"loc":{"start":{"line":4,"column":1},"end":{"line":32,"column":2}},"type":"if","locations":[{"start":{"line":4,"column":1},"end":{"line":32,"column":2}},{"start":{},"end":{}}],"line":4},"1":{"loc":{"start":{"line":7,"column":3},"end":{"line":30,"column":4}},"type":"if","locations":[{"start":{"line":7,"column":3},"end":{"line":30,"column":4}},{"start":{},"end":{}}],"line":7},"2":{"loc":{"start":{"line":60,"column":0},"end":{"line":67,"column":1}},"type":"if","locations":[{"start":{"line":60,"column":0},"end":{"line":67,"column":1}},{"start":{},"end":{}}],"line":60},"3":{"loc":{"start":{"line":70,"column":0},"end":{"line":76,"column":1}},"type":"if","locations":[{"start":{"line":70,"column":0},"end":{"line":76,"column":1}},{"start":{},"end":{}}],"line":70},"4":{"loc":{"start":{"line":87,"column":0},"end":{"line":89,"column":1}},"type":"if","locations":[{"start":{"line":87,"column":0},"end":{"line":89,"column":1}},{"start":{},"end":{}}],"line":87}},"s":{"0":1,"1":0,"2":0,"3":0,"4":0,"5":0,"6":0,"7":0,"8":0,"9":0,"10":0,"11":0,"12":0,"13":0,"14":0,"15":0,"16":0,"17":0,"18":0,"19":0,"20":0,"21":0,"22":0,"23":0,"24":0,"25":0,"26":0,"27":1,"28":1,"29":1,"30":0,"31":0,"32":0,"33":0,"34":0,"35":1,"36":1,"37":0,"38":0,"39":0,"40":0,"41":2,"42":1,"43":1},"f":{"0":1,"1":0,"2":0,"3":0,"4":0,"5":0,"6":2},"b":{"0":[0,1],"1":[0,0],"2":[0,1],"3":[0,1],"4":[1,0]},"_coverageSchema":"1a1c01bbd47fc00a2c39e90264f33305004495a9","hash":"af1b2291e61458eec992145a404b8c93ef5b0cb9"}
}
