TN:
SF:src\app.js
FN:3,printPatterns
FN:5,(anonymous_1)
FN:35,addPattern
FN:41,delPattern
FN:61,(anonymous_4)
FN:72,(anonymous_5)
FN:82,sum
FNF:7
FNH:2
FNDA:1,printPatterns
FNDA:0,(anonymous_1)
FNDA:0,addPattern
FNDA:0,delPattern
FNDA:0,(anonymous_4)
FNDA:0,(anonymous_5)
FNDA:2,sum
DA:4,1
DA:5,0
DA:6,0
DA:7,0
DA:8,0
DA:9,0
DA:11,0
DA:12,0
DA:13,0
DA:15,0
DA:16,0
DA:17,0
DA:19,0
DA:20,0
DA:21,0
DA:23,0
DA:24,0
DA:25,0
DA:26,0
DA:27,0
DA:29,0
DA:36,0
DA:37,0
DA:38,0
DA:42,0
DA:43,0
DA:44,0
DA:52,1
DA:59,1
DA:60,1
DA:61,0
DA:62,0
DA:63,0
DA:64,0
DA:65,0
DA:69,1
DA:70,1
DA:71,0
DA:72,0
DA:73,0
DA:83,2
DA:87,1
DA:88,1
LF:43
LH:9
BRDA:4,0,0,0
BRDA:4,0,1,1
BRDA:7,1,0,0
BRDA:7,1,1,0
BRDA:60,2,0,0
BRDA:60,2,1,1
BRDA:70,3,0,0
BRDA:70,3,1,1
BRDA:87,4,0,1
BRDA:87,4,1,0
BRF:10
BRH:4
end_of_record
